<?xml version="1.0" encoding="UTF-8" ?>
<testsuite errors="1" failures="0" hostname="HDC1-D-430TYK4" name="GoodTestsSuite" skipped="0" tests="1" time="0.0" timestamp="2017-04-10T10:52:06">
  <properties>
[...]
</properties>
  <error message="GoodTestsSuite" type="java.lang.ClassNotFoundException">java.lang.ClassNotFoundException: GoodTestsSuite
	at java.net.URLClassLoader.findClass(Unknown Source)
	at java.lang.ClassLoader.loadClass(Unknown Source)
	at sun.misc.Launcher$AppClassLoader.loadClass(Unknown Source)
	at java.lang.ClassLoader.loadClass(Unknown Source)
	at java.lang.Class.forName0(Native Method)
	at java.lang.Class.forName(Unknown Source)
</error>
  <system-out><![CDATA[]]></system-out>
  <system-err><![CDATA[]]></system-err>
</testsuite>
